<?xml version="1.0" encoding="UTF-8"?>
<!-- Generated by org.testng.reporters.JUnitReportReporter -->
<testsuite hostname="nsk-dt-asm-70" failures="0" tests="1" name="rok.qa.Testcases.SF_createLead_Testcase_13" time="40.908" errors="0" timestamp="2024-01-03T18:30:36 IST" skipped="0">
  <testcase classname="rok.qa.Testcases.SF_createLead_Testcase_13" name="convertleadintaccount" time="40.908"/>
</testsuite> <!-- rok.qa.Testcases.SF_createLead_Testcase_13 -->
