<?xml version="1.0" encoding="UTF-8"?>
<!-- Generated by org.testng.reporters.JUnitReportReporter -->
<testsuite hostname="nsk-dt-asm-70" failures="0" tests="1" name="rok.qa.Testcases.Verify_created_lead_from_salesforce_end_11" time="123.258" errors="0" timestamp="2024-01-22T16:20:28 IST" skipped="0">
  <testcase classname="rok.qa.Testcases.Verify_created_lead_from_salesforce_end_11" name="Create_lead_from_Salesforce_end" time="123.258"/>
</testsuite> <!-- rok.qa.Testcases.Verify_created_lead_from_salesforce_end_11 -->
