<?xml version="1.0" encoding="UTF-8"?>
<!-- Generated by org.testng.reporters.JUnitReportReporter -->
<testsuite hostname="nsk-dt-asm-70" failures="0" tests="1" name="rok.qa.Testcases.SF_convertlead_Testcase_13" time="114.540" errors="0" timestamp="2024-01-09T12:09:52 IST" skipped="0">
  <testcase classname="rok.qa.Testcases.SF_convertlead_Testcase_13" name="convertleadintaccount" time="114.540"/>
</testsuite> <!-- rok.qa.Testcases.SF_convertlead_Testcase_13 -->
