<?xml version="1.0" encoding="UTF-8"?>
<!-- Generated by org.testng.reporters.JUnitReportReporter -->
<testsuite hostname="nsk-dt-asm-70" failures="0" tests="1" name="rok.qa.Testcases.Update_RPlead_Testcase_07" time="72.144" errors="0" timestamp="2024-01-16T12:46:07 IST" skipped="0">
  <testcase classname="rok.qa.Testcases.Update_RPlead_Testcase_07" name="landingpage" time="72.144"/>
</testsuite> <!-- rok.qa.Testcases.Update_RPlead_Testcase_07 -->
