<?xml version="1.0" encoding="UTF-8"?>
<!-- Generated by org.testng.reporters.JUnitReportReporter -->
<testsuite hostname="nsk-dt-asm-70" failures="0" tests="1" name="rok.qa.Testcases.Verify_convert_lead_into_account_08" time="137.438" errors="0" timestamp="2024-01-22T16:20:28 IST" skipped="0">
  <testcase classname="rok.qa.Testcases.Verify_convert_lead_into_account_08" name="Convert_lead_into_account" time="137.438"/>
</testsuite> <!-- rok.qa.Testcases.Verify_convert_lead_into_account_08 -->
