<?xml version="1.0" encoding="UTF-8"?>
<!-- Generated by org.testng.reporters.JUnitReportReporter -->
<testsuite hostname="nsk-dt-asm-70" failures="0" tests="1" name="rok.qa.Testcases.RP_Lead_Testcase_06" time="49.328" errors="0" timestamp="2024-01-16T12:46:07 IST" skipped="0">
  <testcase classname="rok.qa.Testcases.RP_Lead_Testcase_06" name="landingpage" time="49.328"/>
</testsuite> <!-- rok.qa.Testcases.RP_Lead_Testcase_06 -->
