<?xml version="1.0" encoding="UTF-8"?>
<!-- Generated by org.testng.reporters.JUnitReportReporter -->
<testsuite hostname="nsk-dt-asm-70" failures="0" tests="1" name="rok.qa.Testcases.Verify_add_referral_partner_lead_from_landing_page_10" time="54.058" errors="0" timestamp="2024-01-22T16:20:28 IST" skipped="0">
  <testcase classname="rok.qa.Testcases.Verify_add_referral_partner_lead_from_landing_page_10" name="Add_referral_partner_lead_from_landing_Page" time="54.058"/>
</testsuite> <!-- rok.qa.Testcases.Verify_add_referral_partner_lead_from_landing_page_10 -->
