<?xml version="1.0" encoding="UTF-8"?>
<!-- Generated by org.testng.reporters.JUnitReportReporter -->
<testsuite hostname="nsk-dt-asm-70" failures="0" tests="1" name="rok.qa.Testcases.CreateLeads_Testcase_03" time="32.238" errors="0" timestamp="2024-01-17T18:57:00 IST" skipped="0">
  <testcase classname="rok.qa.Testcases.CreateLeads_Testcase_03" name="CreateNewLead" time="32.238"/>
</testsuite> <!-- rok.qa.Testcases.CreateLeads_Testcase_03 -->
