<?xml version="1.0" encoding="UTF-8"?>
<!-- Generated by org.testng.reporters.JUnitReportReporter -->
<testsuite hostname="nsk-dt-asm-70" failures="0" tests="1" name="rok.qa.Testcases.logoverification_00" time="9.471" errors="0" timestamp="2024-01-17T14:32:31 IST" skipped="0">
  <testcase classname="rok.qa.Testcases.logoverification_00" name="VerfyLogin" time="9.471"/>
</testsuite> <!-- rok.qa.Testcases.logoverification_00 -->
