<?xml version="1.0" encoding="UTF-8"?>
<!-- Generated by org.testng.reporters.JUnitReportReporter -->
<testsuite hostname="nsk-dt-asm-70" failures="0" tests="1" name="rok.qa.Testcases.Dashboard_Lead_Testcase_02" time="26.186" errors="0" timestamp="2024-01-05T15:03:49 IST" skipped="0">
  <testcase classname="rok.qa.Testcases.Dashboard_Lead_Testcase_02" name="VerfyLead" time="26.186"/>
</testsuite> <!-- rok.qa.Testcases.Dashboard_Lead_Testcase_02 -->
