<?xml version="1.0" encoding="UTF-8"?>
<!-- Generated by org.testng.reporters.JUnitReportReporter -->
<testsuite hostname="nsk-dt-asm-70" failures="0" tests="1" name="rok.qa.Testcases.Conver_lead_into_account_testcsase11" time="120.969" errors="0" timestamp="2024-01-05T13:59:30 IST" skipped="0">
  <testcase classname="rok.qa.Testcases.Conver_lead_into_account_testcsase11" name="convertleadintaccount" time="120.969"/>
</testsuite> <!-- rok.qa.Testcases.Conver_lead_into_account_testcsase11 -->
