<?xml version="1.0" encoding="UTF-8"?>
<!-- Generated by org.testng.reporters.JUnitReportReporter -->
<testsuite hostname="nsk-dt-asm-70" failures="0" tests="1" name="rok.qa.Testcases.Verify_community_Login_02" time="22.958" errors="0" timestamp="2024-02-02T12:18:27 IST" skipped="0">
  <testcase classname="rok.qa.Testcases.Verify_community_Login_02" name="VerfyLogin" time="22.958"/>
</testsuite> <!-- rok.qa.Testcases.Verify_community_Login_02 -->
