<?xml version="1.0" encoding="UTF-8"?>
<!-- Generated by org.testng.reporters.JUnitReportReporter -->
<testsuite hostname="nsk-dt-asm-70" failures="0" tests="1" name="rok.qa.Testcases.Verify_created_Opportunity_From_Salesforce_13" time="79.573" errors="0" timestamp="2024-01-22T16:20:28 IST" skipped="0">
  <testcase classname="rok.qa.Testcases.Verify_created_Opportunity_From_Salesforce_13" name="Create_opportunity_from_salesforce" time="79.573"/>
</testsuite> <!-- rok.qa.Testcases.Verify_created_Opportunity_From_Salesforce_13 -->
