<?xml version="1.0" encoding="UTF-8"?>
<!-- Generated by org.testng.reporters.JUnitReportReporter -->
<testsuite hostname="nsk-dt-asm-70" failures="0" tests="1" name="rok.qa.Testcases.Verify_created_lead_from_comunity_03" time="30.385" errors="0" timestamp="2024-01-22T16:20:28 IST" skipped="0">
  <testcase classname="rok.qa.Testcases.Verify_created_lead_from_comunity_03" name="Create_new_BF_lead_from_community" time="30.385"/>
</testsuite> <!-- rok.qa.Testcases.Verify_created_lead_from_comunity_03 -->
