<?xml version="1.0" encoding="UTF-8"?>
<!-- Generated by org.testng.reporters.JUnitReportReporter -->
<testsuite hostname="nsk-dt-asm-70" failures="0" tests="1" name="rok.qa.Testcases.Login_testcase_01" time="13.034" errors="0" timestamp="2024-01-17T14:34:33 IST" skipped="0">
  <testcase classname="rok.qa.Testcases.Login_testcase_01" name="VerfyLogin" time="13.034"/>
</testsuite> <!-- rok.qa.Testcases.Login_testcase_01 -->
