<?xml version="1.0" encoding="UTF-8"?>
<!-- Generated by org.testng.reporters.JUnitReportReporter -->
<testsuite hostname="nsk-dt-asm-70" failures="0" tests="1" name="rok.qaPageObject.logoverification_00" time="4.982" errors="0" timestamp="2024-01-12T20:02:45 IST" skipped="0">
  <testcase classname="rok.qaPageObject.logoverification_00" name="VerfyLogin" time="4.982"/>
</testsuite> <!-- rok.qaPageObject.logoverification_00 -->
