<?xml version="1.0" encoding="UTF-8"?>
<!-- Generated by org.testng.reporters.JUnitReportReporter -->
<testsuite hostname="nsk-dt-asm-70" failures="0" tests="1" name="rok.qa.Testcases.Verify_add_business_Financing_lead_From_Landing_Page_09" time="53.704" errors="0" timestamp="2024-01-22T16:20:28 IST" skipped="0">
  <testcase classname="rok.qa.Testcases.Verify_add_business_Financing_lead_From_Landing_Page_09" name="Add_business_financing_lead_From_landing_page" time="53.704"/>
</testsuite> <!-- rok.qa.Testcases.Verify_add_business_Financing_lead_From_Landing_Page_09 -->
