<?xml version="1.0" encoding="UTF-8"?>
<!-- Generated by org.testng.reporters.JUnitReportReporter -->
<testsuite hostname="nsk-dt-asm-70" failures="0" tests="1" name="rok.qa.Testcases.Verify_update_RP_lead_from_community_07" time="83.348" errors="0" timestamp="2024-01-22T16:20:28 IST" skipped="0">
  <testcase classname="rok.qa.Testcases.Verify_update_RP_lead_from_community_07" name="Update_Rp_lead_from_community" time="83.348"/>
</testsuite> <!-- rok.qa.Testcases.Verify_update_RP_lead_from_community_07 -->
